[ 2025-08-30 15:45:49,814 ] 160 numexpr.utils - INFO - NumExpr defaulting to 8 threads.
[ 2025-08-30 15:45:52,241 ] 1025 httpx - INFO - HTTP Request: GET https://dagshub.com/api/v1/user "HTTP/1.1 200 OK"
[ 2025-08-30 15:45:52,246 ] 107 dagshub - INFO - Accessing as hamideh.shahrabi
[ 2025-08-30 15:45:52,428 ] 1025 httpx - INFO - HTTP Request: GET https://dagshub.com/api/v1/repos/hamideh.shahrabi/networksecurity "HTTP/1.1 200 OK"
[ 2025-08-30 15:45:52,545 ] 1025 httpx - INFO - HTTP Request: GET https://dagshub.com/api/v1/user "HTTP/1.1 200 OK"
[ 2025-08-30 15:45:52,549 ] 107 dagshub - INFO - Initialized MLflow to track repo "hamideh.shahrabi/networksecurity"
[ 2025-08-30 15:45:52,549 ] 107 dagshub - INFO - Repository hamideh.shahrabi/networksecurity initialized!
[ 2025-08-30 15:45:52,550 ] 20 root - INFO - Initiate the data ingestion
[ 2025-08-30 15:45:56,902 ] 65 root - INFO - Performed train test split on the dataframe
[ 2025-08-30 15:45:56,902 ] 67 root - INFO - Exited split_data_as_train_test method of Data_Ingestion class
[ 2025-08-30 15:45:56,902 ] 75 root - INFO - Exporting train and test file path.
[ 2025-08-30 15:45:56,927 ] 84 root - INFO - Exported train and test file path.
[ 2025-08-30 15:45:56,927 ] 22 root - INFO - Data Initiation Completed
[ 2025-08-30 15:45:56,930 ] 27 root - INFO - Initiate the data Validation
[ 2025-08-30 15:45:56,941 ] 32 root - INFO - Required number of columns:2
[ 2025-08-30 15:45:56,941 ] 33 root - INFO - Data frame has columns:31
[ 2025-08-30 15:45:56,941 ] 32 root - INFO - Required number of columns:2
[ 2025-08-30 15:45:56,941 ] 33 root - INFO - Data frame has columns:31
[ 2025-08-30 15:45:57,011 ] 29 root - INFO - data Validation Completed
[ 2025-08-30 15:45:57,011 ] 34 root - INFO - data Transformation started
[ 2025-08-30 15:45:57,011 ] 63 root - INFO - Entered initiate_data_transformation method of DataTransformation class
[ 2025-08-30 15:45:57,011 ] 65 root - INFO - Starting data transformation
[ 2025-08-30 15:45:57,022 ] 48 root - INFO - Entered get_data_trnasformer_object method of Trnasformation class
[ 2025-08-30 15:45:57,022 ] 53 root - INFO - Initialise KNNImputer with {'missing_values': nan, 'n_neighbors': 3, 'weights': 'uniform'}
[ 2025-08-30 15:45:57,029 ] 46 root - INFO - Entered the save_object method of MainUtils class
[ 2025-08-30 15:45:57,030 ] 50 root - INFO - Exited the save_object method of MainUtils class
[ 2025-08-30 15:45:57,030 ] 46 root - INFO - Entered the save_object method of MainUtils class
[ 2025-08-30 15:45:57,032 ] 50 root - INFO - Exited the save_object method of MainUtils class
[ 2025-08-30 15:45:57,032 ] 38 root - INFO - data Transformation completed
[ 2025-08-30 15:45:57,032 ] 42 root - INFO - Model Training stared
[ 2025-08-30 15:49:51,316 ] 872 urllib3.connectionpool - WARNING - Retrying (Retry(total=6, connect=7, read=6, redirect=7, status=7)) after connection broken by 'ReadTimeoutError("HTTPConnectionPool(host='127.0.0.1', port=4010): Read timed out. (read timeout=120)")': /api/2.0/mlflow/runs/create
[ 2025-08-30 15:51:55,756 ] 872 urllib3.connectionpool - WARNING - Retrying (Retry(total=5, connect=7, read=5, redirect=7, status=7)) after connection broken by 'ReadTimeoutError("HTTPConnectionPool(host='127.0.0.1', port=4010): Read timed out. (read timeout=120)")': /api/2.0/mlflow/runs/create
[ 2025-08-30 15:54:04,515 ] 872 urllib3.connectionpool - WARNING - Retrying (Retry(total=4, connect=7, read=4, redirect=7, status=7)) after connection broken by 'ReadTimeoutError("HTTPConnectionPool(host='127.0.0.1', port=4010): Read timed out. (read timeout=120)")': /api/2.0/mlflow/runs/create
